0 info it worked if it ends with ok
1 verbose cli [
1 verbose cli   'C:\\Program Files\\nodejs\\node.exe',
1 verbose cli   'C:\\Users\\user\\AppData\\Roaming\\npm\\node_modules\\npm\\bin\\npm-cli.js',
1 verbose cli   'start'
1 verbose cli ]
2 info using npm@6.14.8
3 info using node@v14.15.0
4 verbose stack Error: ENOENT: no such file or directory, open 'C:\Users\user\Documents\react\prueba\package.json'
5 verbose cwd C:\Users\user\Documents\react\prueba
6 verbose Windows_NT 10.0.18363
7 verbose argv "C:\\Program Files\\nodejs\\node.exe" "C:\\Users\\user\\AppData\\Roaming\\npm\\node_modules\\npm\\bin\\npm-cli.js" "start"
8 verbose node v14.15.0
9 verbose npm  v6.14.8
10 error code ENOENT
11 error syscall open
12 error path C:\Users\user\Documents\react\prueba\package.json
13 error errno -4058
14 error enoent ENOENT: no such file or directory, open 'C:\Users\user\Documents\react\prueba\package.json'
15 error enoent This is related to npm not being able to find a file.
16 verbose exit [ -4058, true ]
